Log file open, 10/31/21 21:24:01
LogPlatformFile: Not using cached read wrapper
LogTaskGraph: Started task graph with 5 named threads and 23 total threads with 1 sets of task threads.
LogStats: Stats thread started at 0.010965
LogICUInternationalization: ICU TimeZone Detection - Raw Offset: +8:00, Platform Override: ''
LogWindows: Failed to load '../../../Engine/Binaries/ThirdParty/DbgHelp/dbghelp.dll' (GetLastError=126)
LogWindows: File '../../../Engine/Binaries/ThirdParty/DbgHelp/dbghelp.dll' does not exist
LogInit: Build: ++UE4+Release-4.26-CL-0
LogInit: Engine Version: 4.26.2-0+++UE4+Release-4.26
LogInit: Compatible Engine Version: 4.26.0-0+++UE4+Release-4.26
LogInit: Net CL: 0
LogInit: OS: Windows 10 (Release 2009) (), CPU: Intel(R) Core(TM) i9-10900K CPU @ 3.70GHz, GPU: NVIDIA GeForce RTX 3070
LogInit: Compiled (64-bit): Oct 31 2021 16:06:06
LogInit: Compiled with Visual C++: 19.29.30040.00
LogInit: Build Configuration: Development
LogInit: Branch Name: ++UE4+Release-4.26
LogInit: Command Line: "E:\UELearning\WhatIsUE\WhatIsSlate\SmartLogViewerStandalone\Engine\Binaries\Win64\SmartLogViewer-Win64-DebugGame.exe" 
LogInit: Base Directory: E:/UELearning/WhatIsUE/WhatIsSlate/SmartLogViewerStandalone/Engine/Binaries/Win64/
LogInit: Allocator: TBB
LogInit: Installed Engine Build: 0
LogDevObjectVersion: Number of dev versions registered: 29
LogDevObjectVersion:   Dev-Blueprints (B0D832E4-1F89-4F0D-ACCF-7EB736FD4AA2): 10
LogDevObjectVersion:   Dev-Build (E1C64328-A22C-4D53-A36C-8E866417BD8C): 0
LogDevObjectVersion:   Dev-Core (375EC13C-06E4-48FB-B500-84F0262A717E): 4
LogDevObjectVersion:   Dev-Editor (E4B068ED-F494-42E9-A231-DA0B2E46BB41): 40
LogDevObjectVersion:   Dev-Framework (CFFC743F-43B0-4480-9391-14DF171D2073): 37
LogDevObjectVersion:   Dev-Mobile (B02B49B5-BB20-44E9-A304-32B752E40360): 3
LogDevObjectVersion:   Dev-Networking (A4E4105C-59A1-49B5-A7C5-40C4547EDFEE): 0
LogDevObjectVersion:   Dev-Online (39C831C9-5AE6-47DC-9A44-9C173E1C8E7C): 0
LogDevObjectVersion:   Dev-Physics (78F01B33-EBEA-4F98-B9B4-84EACCB95AA2): 4
LogDevObjectVersion:   Dev-Platform (6631380F-2D4D-43E0-8009-CF276956A95A): 0
LogDevObjectVersion:   Dev-Rendering (12F88B9F-8875-4AFC-A67C-D90C383ABD29): 44
LogDevObjectVersion:   Dev-Sequencer (7B5AE74C-D270-4C10-A958-57980B212A5A): 12
LogDevObjectVersion:   Dev-VR (D7296918-1DD6-4BDD-9DE2-64A83CC13884): 3
LogDevObjectVersion:   Dev-LoadTimes (C2A15278-BFE7-4AFE-6C17-90FF531DF755): 1
LogDevObjectVersion:   Private-Geometry (6EACA3D4-40EC-4CC1-B786-8BED09428FC5): 3
LogDevObjectVersion:   Dev-AnimPhys (29E575DD-E0A3-4627-9D10-D276232CDCEA): 17
LogDevObjectVersion:   Dev-Anim (AF43A65D-7FD3-4947-9873-3E8ED9C1BB05): 15
LogDevObjectVersion:   Dev-ReflectionCapture (6B266CEC-1EC7-4B8F-A30B-E4D90942FC07): 1
LogDevObjectVersion:   Dev-Automation (0DF73D61-A23F-47EA-B727-89E90C41499A): 1
LogDevObjectVersion:   FortniteMain (601D1886-AC64-4F84-AA16-D3DE0DEAC7D6): 43
LogDevObjectVersion:   FortniteRelease (E7086368-6B23-4C58-8439-1B7016265E91): 1
LogDevObjectVersion:   Dev-Enterprise (9DFFBCD6-494F-0158-E221-12823C92A888): 10
LogDevObjectVersion:   Dev-Niagara (F2AED0AC-9AFE-416F-8664-AA7FFA26D6FC): 1
LogDevObjectVersion:   Dev-Destruction (174F1F0B-B4C6-45A5-B13F-2EE8D0FB917D): 10
LogDevObjectVersion:   Dev-Physics-Ext (35F94A83-E258-406C-A318-09F59610247C): 40
LogDevObjectVersion:   Dev-PhysicsMaterial-Chaos (B68FC16E-8B1B-42E2-B453-215C058844FE): 1
LogDevObjectVersion:   Dev-CineCamera (B2E18506-4273-CFC2-A54E-F4BB758BBA07): 1
LogDevObjectVersion:   Dev-VirtualProduction (64F58936-FD1B-42BA-BA96-7289D5D0FA4E): 1
LogDevObjectVersion:   Dev-MediaFramework (6F0ED827-A609-4895-9C91-998D90180EA4): 2
LogInit: Presizing for max 100000 objects, including 0 objects not considered by GC, pre-allocating 0 bytes for permanent pool.
LogConfig: Applying CVar settings from Section [/Script/Engine.StreamingSettings] File [../../../Engine/Programs/SmartLogViewer/Saved/Config/Windows/Engine.ini]
LogInit: Object subsystem initialized
LogConfig: Applying CVar settings from Section [Startup] File [../../../Engine/Config/ConsoleVariables.ini]
LogConfig: Applying CVar settings from Section [ConsoleVariables] File [../../../Engine/Programs/SmartLogViewer/Saved/Config/Windows/Engine.ini]
LogInit: Computer: bonanliu-PC0
LogInit: User: bonanliu
LogInit: CPU Page size=4096, Cores=10
LogInit: High frequency timer resolution =10.000000 MHz
LogMemory: Memory total: Physical=63.7GB (64GB approx)
LogMemory: Platform Memory Stats for Windows
LogMemory: Process Physical Memory: 28.23 MB used, 28.23 MB peak
LogMemory: Process Virtual Memory: 59.83 MB used, 59.83 MB peak
LogMemory: Physical Memory: 27295.71 MB used,  37954.48 MB free, 65250.20 MB total
LogMemory: Virtual Memory: 134179432.00 MB used,  38292.36 MB free, 134217728.00 MB total
LogAssetRegistry: FAssetRegistry took 0.0000 seconds to start up
LogUObjectArray: 410 objects as part of root set at end of initial load.
LogUObjectAllocator: 74624 out of 0 bytes used by permanent object pool.
LogUObjectArray: CloseDisregardForGC: 0/0 objects in disregard for GC pool
LogPaths: Warning: No paths for game localization data were specifed in the game configuration.
LogInit: Using OS detected language (zh-CN).
LogInit: Using OS detected locale (zh-CN).
LogInit: Warning: No paths for engine localization data were specifed in the engine configuration.
LogTextLocalizationManager: No localization for 'zh-CN' exists, so 'en' will be used for the language.
LogTextLocalizationManager: No localization for 'zh-CN' exists, so 'en' will be used for the locale.
LogInit: Using OS detected language (zh-CN).
LogInit: Using OS detected locale (zh-CN).
LogTextLocalizationManager: No localization for 'zh-CN' exists, so 'en' will be used for the language.
LogTextLocalizationManager: No localization for 'zh-CN' exists, so 'en' will be used for the locale.
LogTextLocalizationManager: Compacting localization data took   0.00ms
LogPackageLocalizationCache: Processed 2 localized package path(s) for 1 prioritized culture(s) in 0.000166 seconds
LogSlate: Using FreeType 2.10.0
LogWindows: Windows GetLastError: 操作成功完成。 (0)
LogWindows: Error: === Critical error: ===
LogWindows: Error: 
LogWindows: Error: Assertion failed: Ptr.IsValid() [File:C:/UnrealEngine-4.26.2-release/Engine/Source/Runtime/Core/Private/Internationalization/ICUCulture.cpp] [Line: 40] 
LogWindows: Error: Creating a break iterator object failed using locale zh_CN. Perhaps this locale has no data.
LogWindows: Error: [Callstack] 0x00007ff7ec096337 SmartLogViewer-Win64-DebugGame.exe!UnknownFunction []
LogWindows: Error: [Callstack] 0x00007ff7ed6bd7d5 SmartLogViewer-Win64-DebugGame.exe!UnknownFunction []
LogWindows: Error: [Callstack] 0x00007ff7ebfb016d SmartLogViewer-Win64-DebugGame.exe!UnknownFunction []
LogWindows: Error: [Callstack] 0x00007ff7ebfc16c4 SmartLogViewer-Win64-DebugGame.exe!UnknownFunction []
LogWindows: Error: [Callstack] 0x00007ff7ebfb0455 SmartLogViewer-Win64-DebugGame.exe!UnknownFunction []
LogWindows: Error: [Callstack] 0x00007ff7ebfb032c SmartLogViewer-Win64-DebugGame.exe!UnknownFunction []
LogWindows: Error: [Callstack] 0x00007ff7ec80fb01 SmartLogViewer-Win64-DebugGame.exe!UnknownFunction []
LogWindows: Error: [Callstack] 0x00007ff7ec80ebb3 SmartLogViewer-Win64-DebugGame.exe!UnknownFunction []
LogWindows: Error: [Callstack] 0x00007ff7ed295019 SmartLogViewer-Win64-DebugGame.exe!UnknownFunction []
LogWindows: Error: [Callstack] 0x00007ff7ed28df8c SmartLogViewer-Win64-DebugGame.exe!UnknownFunction []
LogWindows: Error: [Callstack] 0x00007ff7ed29ef14 SmartLogViewer-Win64-DebugGame.exe!UnknownFunction []
LogWindows: Error: [Callstack] 0x00007ff7ebea586c SmartLogViewer-Win64-DebugGame.exe!UnknownFunction []
LogWindows: Error: [Callstack] 0x00007ff7ed658cfa SmartLogViewer-Win64-DebugGame.exe!UnknownFunction []
LogWindows: Error: [Callstack] 0x00007ffacea37034 KERNEL32.DLL!UnknownFunction []
LogWindows: Error: [Callstack] 0x00007ffaced82651 ntdll.dll!UnknownFunction []
LogWindows: Error: 
LogWindows: Error: 
LogWindows: Error: 
LogWindows: Error: 
LogExit: Executing StaticShutdownAfterError
LogWindows: FPlatformMisc::RequestExit(1)
LogCore: Engine exit requested (reason: Win RequestExit)
Log file closed, 10/31/21 21:24:02
